<?xml version="1.0" encoding="UTF-8"?>
<!-- Generated by org.testng.reporters.JUnitXMLReporter -->
<testsuite hostname="server01" name="Command line test" tests="23" failures="0" timestamp="14 Apr 2018 01:25:08 GMT" time="4.053" errors="0">
  <testcase name="deleteEmployee" time="0.024" classname="com.websystique.springmvc.controller.AppControllerTest"/>
  <testcase name="editEmployee" time="0.084" classname="com.websystique.springmvc.controller.AppControllerTest"/>
  <testcase name="listEmployees" time="0.023" classname="com.websystique.springmvc.controller.AppControllerTest"/>
  <testcase name="newEmployee" time="0.0" classname="com.websystique.springmvc.controller.AppControllerTest"/>
  <testcase name="saveEmployeeWithSuccess" time="0.0" classname="com.websystique.springmvc.controller.AppControllerTest"/>
  <testcase name="saveEmployeeWithValidationError" time="0.001" classname="com.websystique.springmvc.controller.AppControllerTest"/>
  <testcase name="saveEmployeeWithValidationErrorNonUniqueSSN" time="0.001" classname="com.websystique.springmvc.controller.AppControllerTest"/>
  <testcase name="updateEmployeeWithSuccess" time="0.001" classname="com.websystique.springmvc.controller.AppControllerTest"/>
  <testcase name="updateEmployeeWithValidationError" time="0.0" classname="com.websystique.springmvc.controller.AppControllerTest"/>
  <testcase name="updateEmployeeWithValidationErrorNonUniqueSSN" time="0.0" classname="com.websystique.springmvc.controller.AppControllerTest"/>
  <testcase name="deleteEmployeeByInvalidSsn" time="0.191" classname="com.websystique.springmvc.dao.EmployeeDaoImplTest"/>
  <testcase name="deleteEmployeeBySsn" time="0.005" classname="com.websystique.springmvc.dao.EmployeeDaoImplTest"/>
  <testcase name="findAllEmployees" time="0.024" classname="com.websystique.springmvc.dao.EmployeeDaoImplTest"/>
  <testcase name="findById" time="0.031" classname="com.websystique.springmvc.dao.EmployeeDaoImplTest"/>
  <testcase name="findEmployeeBySsn" time="0.027" classname="com.websystique.springmvc.dao.EmployeeDaoImplTest"/>
  <testcase name="saveEmployee" time="0.033" classname="com.websystique.springmvc.dao.EmployeeDaoImplTest"/>
  <testcase name="deleteEmployeeBySsn" time="0.001" classname="com.websystique.springmvc.service.EmployeeServiceImplTest"/>
  <testcase name="findAllEmployees" time="0.0" classname="com.websystique.springmvc.service.EmployeeServiceImplTest"/>
  <testcase name="findById" time="0.0" classname="com.websystique.springmvc.service.EmployeeServiceImplTest"/>
  <testcase name="findEmployeeBySsn" time="0.0" classname="com.websystique.springmvc.service.EmployeeServiceImplTest"/>
  <testcase name="isEmployeeSsnUnique" time="0.0" classname="com.websystique.springmvc.service.EmployeeServiceImplTest"/>
  <testcase name="saveEmployee" time="0.0" classname="com.websystique.springmvc.service.EmployeeServiceImplTest"/>
  <testcase name="updateEmployee" time="0.0" classname="com.websystique.springmvc.service.EmployeeServiceImplTest"/>
</testsuite> <!-- Command line test -->
