<?xml version="1.0" encoding="UTF-8" ?>
<testsuite tests="23" failures="0" name="TestSuite" time="0.431" errors="0" skipped="0">
  <properties>
[...]
</properties>
  <testcase classname="com.websystique.springmvc.controller.AppControllerTest" name="deleteEmployee" time="0.029"/>
  <testcase classname="com.websystique.springmvc.controller.AppControllerTest" name="editEmployee" time="0.081"/>
  <testcase classname="com.websystique.springmvc.controller.AppControllerTest" name="listEmployees" time="0.021"/>
  <testcase classname="com.websystique.springmvc.controller.AppControllerTest" name="newEmployee" time="0"/>
  <testcase classname="com.websystique.springmvc.controller.AppControllerTest" name="saveEmployeeWithSuccess" time="0"/>
  <testcase classname="com.websystique.springmvc.controller.AppControllerTest" name="saveEmployeeWithValidationError" time="0"/>
  <testcase classname="com.websystique.springmvc.controller.AppControllerTest" name="saveEmployeeWithValidationErrorNonUniqueSSN" time="0"/>
  <testcase classname="com.websystique.springmvc.controller.AppControllerTest" name="updateEmployeeWithSuccess" time="0"/>
  <testcase classname="com.websystique.springmvc.controller.AppControllerTest" name="updateEmployeeWithValidationError" time="0"/>
  <testcase classname="com.websystique.springmvc.controller.AppControllerTest" name="updateEmployeeWithValidationErrorNonUniqueSSN" time="0"/>
  <testcase classname="com.websystique.springmvc.dao.EmployeeDaoImplTest" name="deleteEmployeeByInvalidSsn" time="0.194"/>
  <testcase classname="com.websystique.springmvc.dao.EmployeeDaoImplTest" name="deleteEmployeeBySsn" time="0"/>
  <testcase classname="com.websystique.springmvc.dao.EmployeeDaoImplTest" name="findAllEmployees" time="0.031"/>
  <testcase classname="com.websystique.springmvc.dao.EmployeeDaoImplTest" name="findById" time="0.021"/>
  <testcase classname="com.websystique.springmvc.dao.EmployeeDaoImplTest" name="findEmployeeBySsn" time="0.029"/>
  <testcase classname="com.websystique.springmvc.dao.EmployeeDaoImplTest" name="saveEmployee" time="0.025"/>
  <testcase classname="com.websystique.springmvc.service.EmployeeServiceImplTest" name="deleteEmployeeBySsn" time="0"/>
  <testcase classname="com.websystique.springmvc.service.EmployeeServiceImplTest" name="findAllEmployees" time="0"/>
  <testcase classname="com.websystique.springmvc.service.EmployeeServiceImplTest" name="findById" time="0"/>
  <testcase classname="com.websystique.springmvc.service.EmployeeServiceImplTest" name="findEmployeeBySsn" time="0"/>
  <testcase classname="com.websystique.springmvc.service.EmployeeServiceImplTest" name="isEmployeeSsnUnique" time="0"/>
  <testcase classname="com.websystique.springmvc.service.EmployeeServiceImplTest" name="saveEmployee" time="0"/>
  <testcase classname="com.websystique.springmvc.service.EmployeeServiceImplTest" name="updateEmployee" time="0"/>
</testsuite>